eng.testa
processed 51578 tokens with 5942 phrases; found: 5969 phrases; correct: 5381.
accuracy:  98.25%; precision:  90.15%; recall:  90.56%; FB1:  90.35
              LOC: precision:  91.75%; recall:  93.20%; FB1:  92.47
             MISC: precision:  88.34%; recall:  82.97%; FB1:  85.57
              ORG: precision:  83.54%; recall:  85.53%; FB1:  84.52
              PER: precision:  94.26%; recall:  95.39%; FB1:  94.82
eng.testb
processed 46666 tokens with 5648 phrases; found: 5729 phrases; correct: 4829.
accuracy:  97.00%; precision:  84.29%; recall:  85.50%; FB1:  84.89
              LOC: precision:  84.97%; recall:  90.53%; FB1:  87.66
             MISC: precision:  76.77%; recall:  75.78%; FB1:  76.27
              ORG: precision:  79.60%; recall:  79.41%; FB1:  79.51
              PER: precision:  91.64%; recall:  90.79%; FB1:  91.21
deu.testa
processed 51645 tokens with 4833 phrases; found: 3883 phrases; correct: 2846.
accuracy:  95.00%; precision:  73.29%; recall:  58.89%; FB1:  65.31
              LOC: precision:  67.59%; recall:  70.11%; FB1:  68.83
             MISC: precision:  71.87%; recall:  48.81%; FB1:  58.14
              ORG: precision:  71.85%; recall:  50.60%; FB1:  59.39
              PER: precision:  81.69%; recall:  64.03%; FB1:  71.79
deu.testb
processed 52098 tokens with 3673 phrases; found: 3034 phrases; correct: 2294.
accuracy:  96.21%; precision:  75.61%; recall:  62.46%; FB1:  68.41
              LOC: precision:  70.91%; recall:  71.11%; FB1:  71.01
             MISC: precision:  68.51%; recall:  46.12%; FB1:  55.13
              ORG: precision:  68.43%; recall:  50.19%; FB1:  57.91
              PER: precision:  88.04%; recall:  72.05%; FB1:  79.25
